0 0 924105847
0 0 1590671408
0 0 862547726
1 550928937 628652964
0 0 1119813087
0 0 239292220
0 0 1431013336
0 0 497006450
0 0 3762887865
0 0 1174460248
0 0 2478029114
2 1517070430 1797503984
1 1465565416 1471721138
0 0 3557890144
2 1091851418 1210812521
0 0 1760235686
0 0 1611466162
0 0 448986440
1 816981050 2045233051
0 0 3428698758
3 1869187122 2297599422
0 0 348263371
0 0 2156380028
0 0 176975437
0 0 1939243484
0 0 570153018
0 0 955914445
2 550587900 653285959
0 0 2946017418
0 0 1612120785
0 0 3067056466
0 0 1277032348
0 0 3014054611
0 0 2448813042
0 0 2366720094
0 0 2031284711
0 0 1501132142
1 713387978 825363847
0 0 1346866603
0 0 1121632359
0 0 639987042
0 0 3318591754
1 1330005960 1525758325
0 0 40911135
0 0 4038526389
1 974428421 1486068252
0 0 3985690878
0 0 310347788
0 0 1952615229
0 0 1298073619
0 0 463937191
0 0 1498658995
1 1249040016 1539496580
0 0 3840335228
14 658823480 719594523
0 0 1109099925
0 0 3438834829
0 0 4106524776
0 0 279697255
0 0 1767898928
0 0 2342773410
5 1634642440 1817755344
1 1305521901 1578402651
0 0 2595785285
0 0 888381855
0 0 410095495
0 0 2965503158
1 652736009 1405074874
0 0 761933942
1 835752357 2357923245
0 0 2630175598
0 0 1170885250
0 0 371172110
8 1122434256 1174044830
0 0 3854869642
0 0 1380033308
0 0 3110992246
0 0 2057795013
0 0 1186034569
1 867068860 2141457027
0 0 3216703498
1 1509524059 2587207937
0 0 549766733
2 547681704 1074961348
0 0 520283474
0 0 2958327159
0 0 2417411210
0 0 588837798
0 0 1341059223
0 0 3438891603
0 0 1157903581
0 0 9126206
0 0 349387236
0 0 446076808
0 0 1789867329
1 1387755183 2201277326
0 0 1058324332
0 0 2989171432
0 0 1568548503
0 0 122793228
0 0 684521056
0 0 3877041573
0 0 3984632722
0 0 1223469870
2 1013784118 1532530354
0 0 3026934741
0 0 2894391569
0 0 2555231977
0 0 2242095412
0 0 994118728
0 0 167345891
0 0 3166774966
0 0 2097264944
0 0 319908405
1 1080513495 2647336532
0 0 3462469531
0 0 2067537344
1 1552194209 1759112831
0 0 3477225872
0 0 3081101007
28 1537838344 1625134316
1 859898267 2544267581
12 450755448 473897381
0 0 1862941979
0 0 1636582155
0 0 134461195
0 0 1768020417
0 0 106758455
1 1351298990 1405719926
0 0 732757005
1 1516158342 1761563565
1 1348197683 2484315856
0 0 2229525756
0 0 1215215193
0 0 2733547475
0 0 2036878323
0 0 197387336
0 0 2382160638
0 0 1511588358
0 0 2789122082
1 1530888574 1751793822
7 1423803024 1646009544
0 0 1023248182
0 0 2229237776
0 0 3282458462
1 1189569643 2096263874
0 0 3057564821
2 778572406 1304971570
1 740399699 2044507369
0 0 1376836487
0 0 1959249303
6 1931605626 2047135321
0 0 1712505322
0 0 1908005977
0 0 2276290232
1 974360723 2299674809
0 0 837920914
1 1598061265 2060119310
1 1768035510 2060994351
2 424020038 665314172
0 0 2455818882
0 0 3066786894
0 0 3025796102
4 1078824720 1505385212
0 0 1548970676
0 0 2221894952
0 0 2191147086
2 1386723372 1803280679
1 876043070 1359292785
0 0 4293306164
0 0 3295805481
0 0 2218978664
17 1202080183 1261312341
1 1055765634 2369163153
0 0 3702565793
0 0 3589120263
2 1522496318 2485914680
2 724437272 756084088
0 0 1918946306
0 0 50873721
0 0 1389514578
0 0 538158850
0 0 2985199037
2 661381214 1086289081
0 0 771254515
2 1556164236 2027148281
3 916200447 939476886
0 0 3322366752
0 0 4211290454
0 0 579262627
0 0 3709695978
1 420821168 1097913298
0 0 1456764129
1 1781170727 2443061392
0 0 404581400
0 0 168049493
0 0 3938426425
0 0 3408032537
0 0 147554714
0 0 2875162449
